09/29/2020 06:04:48 PM Warning: no 'create_study' key in USER_FUNCTIONS
09/29/2020 06:04:48 PM Warning: no 'create_group' key in USER_FUNCTIONS
09/29/2020 06:04:48 PM Warning: no 'restart_group' key in USER_FUNCTIONS
09/29/2020 06:04:48 PM Warning: no 'postprocessing' key in USER_FUNCTIONS
09/29/2020 06:04:48 PM Warning: no 'finalize' key in USER_FUNCTIONS
09/29/2020 06:04:48 PM create threads dict
09/29/2020 06:04:48 PM created 1 groups
09/29/2020 06:04:48 PM bind to recv port 5555
09/29/2020 06:04:48 PM submit server
09/29/2020 06:04:48 PM launch server
09/29/2020 06:04:48 PM server options: 100 9 1 30 1 linux-rol5
09/29/2020 06:04:48 PM start messenger thread
09/29/2020 06:04:48 PM wait server start
09/29/2020 06:04:48 PM message: server 0 linux-rol5
09/29/2020 06:04:48 PM Melissa Server node 0 name: linux-rol5; Melissa Server job id: 32609
09/29/2020 06:04:48 PM Server running
09/29/2020 06:04:48 PM connect to server port 5556
09/29/2020 06:04:48 PM start status checker thread
09/29/2020 06:04:48 PM submit group 0
09/29/2020 06:04:49 PM group 0 job started
09/29/2020 06:04:51 PM message: stop 
09/29/2020 06:04:51 PM Received stop message from server
09/29/2020 06:04:51 PM Stopping study
09/29/2020 06:04:51 PM end study
09/29/2020 06:04:51 PM closing responder thread
09/29/2020 06:04:51 PM end job group 0
09/29/2020 06:04:51 PM closing state checker process
09/29/2020 06:04:52 PM closing messenger thread
09/29/2020 06:04:52 PM Study stopped
